{"/Users/sir/dev/nest-microservice-gateway/src/app.e2e-spec.ts": {"path":"/Users/sir/dev/nest-microservice-gateway/src/app.e2e-spec.ts","statementMap":{"0":{"start":{"line":1,"column":0},"end":{"line":1,"column":53}},"1":{"start":{"line":2,"column":0},"end":{"line":2,"column":65}},"2":{"start":{"line":3,"column":0},"end":{"line":3,"column":31}},"3":{"start":{"line":4,"column":0},"end":{"line":4,"column":40}},"4":{"start":{"line":5,"column":0},"end":{"line":5,"column":43}},"5":{"start":{"line":6,"column":0},"end":{"line":6,"column":25}},"6":{"start":{"line":8,"column":0},"end":{"line":150,"column":null}},"7":{"start":{"line":12,"column":26},"end":{"line":16,"column":null}},"8":{"start":{"line":18,"column":2},"end":{"line":33,"column":null}},"9":{"start":{"line":19,"column":41},"end":{"line":24,"column":16}},"10":{"start":{"line":26,"column":4},"end":{"line":26,"column":null}},"11":{"start":{"line":27,"column":4},"end":{"line":27,"column":null}},"12":{"start":{"line":28,"column":4},"end":{"line":28,"column":null}},"13":{"start":{"line":30,"column":4},"end":{"line":30,"column":null}},"14":{"start":{"line":32,"column":4},"end":{"line":32,"column":null}},"15":{"start":{"line":35,"column":2},"end":{"line":37,"column":null}},"16":{"start":{"line":36,"column":4},"end":{"line":36,"column":null}},"17":{"start":{"line":39,"column":2},"end":{"line":78,"column":null}},"18":{"start":{"line":40,"column":4},"end":{"line":40,"column":null}},"19":{"start":{"line":42,"column":4},"end":{"line":56,"column":null}},"20":{"start":{"line":43,"column":6},"end":{"line":48,"column":7}},"21":{"start":{"line":44,"column":8},"end":{"line":47,"column":null}},"22":{"start":{"line":49,"column":6},"end":{"line":54,"column":7}},"23":{"start":{"line":50,"column":8},"end":{"line":53,"column":null}},"24":{"start":{"line":55,"column":6},"end":{"line":55,"column":null}},"25":{"start":{"line":58,"column":4},"end":{"line":66,"column":null}},"26":{"start":{"line":59,"column":6},"end":{"line":64,"column":7}},"27":{"start":{"line":60,"column":8},"end":{"line":63,"column":null}},"28":{"start":{"line":65,"column":6},"end":{"line":65,"column":null}},"29":{"start":{"line":68,"column":4},"end":{"line":77,"column":null}},"30":{"start":{"line":69,"column":18},"end":{"line":69,"column":34}},"31":{"start":{"line":70,"column":6},"end":{"line":75,"column":7}},"32":{"start":{"line":71,"column":8},"end":{"line":74,"column":null}},"33":{"start":{"line":76,"column":6},"end":{"line":76,"column":null}},"34":{"start":{"line":80,"column":2},"end":{"line":101,"column":null}},"35":{"start":{"line":81,"column":4},"end":{"line":88,"column":null}},"36":{"start":{"line":82,"column":6},"end":{"line":87,"column":null}},"37":{"start":{"line":86,"column":10},"end":{"line":86,"column":null}},"38":{"start":{"line":90,"column":4},"end":{"line":94,"column":null}},"39":{"start":{"line":91,"column":6},"end":{"line":93,"column":null}},"40":{"start":{"line":96,"column":4},"end":{"line":100,"column":null}},"41":{"start":{"line":97,"column":6},"end":{"line":99,"column":null}},"42":{"start":{"line":103,"column":2},"end":{"line":127,"column":null}},"43":{"start":{"line":104,"column":4},"end":{"line":113,"column":null}},"44":{"start":{"line":105,"column":26},"end":{"line":105,"column":58}},"45":{"start":{"line":106,"column":6},"end":{"line":112,"column":null}},"46":{"start":{"line":115,"column":4},"end":{"line":126,"column":null}},"47":{"start":{"line":116,"column":6},"end":{"line":125,"column":null}},"48":{"start":{"line":124,"column":10},"end":{"line":124,"column":null}},"49":{"start":{"line":129,"column":2},"end":{"line":141,"column":null}},"50":{"start":{"line":130,"column":4},"end":{"line":134,"column":null}},"51":{"start":{"line":131,"column":6},"end":{"line":133,"column":null}},"52":{"start":{"line":136,"column":4},"end":{"line":140,"column":null}},"53":{"start":{"line":137,"column":6},"end":{"line":139,"column":null}},"54":{"start":{"line":143,"column":2},"end":{"line":149,"column":null}},"55":{"start":{"line":144,"column":4},"end":{"line":148,"column":null}},"56":{"start":{"line":145,"column":6},"end":{"line":147,"column":null}}},"fnMap":{"0":{"name":"(anonymous_1)","decl":{"start":{"line":8,"column":30},"end":{"line":8,"column":33}},"loc":{"start":{"line":8,"column":35},"end":{"line":150,"column":1}}},"1":{"name":"(anonymous_2)","decl":{"start":{"line":18,"column":12},"end":{"line":18,"column":17}},"loc":{"start":{"line":18,"column":23},"end":{"line":33,"column":3}}},"2":{"name":"(anonymous_3)","decl":{"start":{"line":35,"column":11},"end":{"line":35,"column":16}},"loc":{"start":{"line":35,"column":22},"end":{"line":37,"column":3}}},"3":{"name":"(anonymous_4)","decl":{"start":{"line":39,"column":13},"end":{"line":39,"column":16}},"loc":{"start":{"line":39,"column":18},"end":{"line":78,"column":3}}},"4":{"name":"(anonymous_5)","decl":{"start":{"line":42,"column":44},"end":{"line":42,"column":45}},"loc":{"start":{"line":42,"column":60},"end":{"line":56,"column":5}}},"5":{"name":"(anonymous_6)","decl":{"start":{"line":58,"column":43},"end":{"line":58,"column":44}},"loc":{"start":{"line":58,"column":59},"end":{"line":66,"column":5}}},"6":{"name":"(anonymous_7)","decl":{"start":{"line":68,"column":47},"end":{"line":68,"column":48}},"loc":{"start":{"line":68,"column":63},"end":{"line":77,"column":5}}},"7":{"name":"(anonymous_8)","decl":{"start":{"line":80,"column":31},"end":{"line":80,"column":34}},"loc":{"start":{"line":80,"column":36},"end":{"line":101,"column":3}}},"8":{"name":"(anonymous_9)","decl":{"start":{"line":81,"column":43},"end":{"line":81,"column":46}},"loc":{"start":{"line":81,"column":48},"end":{"line":88,"column":5}}},"9":{"name":"(anonymous_10)","decl":{"start":{"line":85,"column":16},"end":{"line":85,"column":17}},"loc":{"start":{"line":85,"column":24},"end":{"line":87,"column":9}}},"10":{"name":"(anonymous_11)","decl":{"start":{"line":90,"column":48},"end":{"line":90,"column":51}},"loc":{"start":{"line":90,"column":53},"end":{"line":94,"column":5}}},"11":{"name":"(anonymous_12)","decl":{"start":{"line":96,"column":52},"end":{"line":96,"column":55}},"loc":{"start":{"line":96,"column":57},"end":{"line":100,"column":5}}},"12":{"name":"(anonymous_13)","decl":{"start":{"line":103,"column":29},"end":{"line":103,"column":32}},"loc":{"start":{"line":103,"column":34},"end":{"line":127,"column":3}}},"13":{"name":"(anonymous_14)","decl":{"start":{"line":104,"column":61},"end":{"line":104,"column":64}},"loc":{"start":{"line":104,"column":66},"end":{"line":113,"column":5}}},"14":{"name":"(anonymous_15)","decl":{"start":{"line":115,"column":61},"end":{"line":115,"column":64}},"loc":{"start":{"line":115,"column":66},"end":{"line":126,"column":5}}},"15":{"name":"(anonymous_16)","decl":{"start":{"line":123,"column":14},"end":{"line":123,"column":15}},"loc":{"start":{"line":123,"column":22},"end":{"line":125,"column":9}}},"16":{"name":"(anonymous_17)","decl":{"start":{"line":129,"column":32},"end":{"line":129,"column":35}},"loc":{"start":{"line":129,"column":37},"end":{"line":141,"column":3}}},"17":{"name":"(anonymous_18)","decl":{"start":{"line":130,"column":51},"end":{"line":130,"column":54}},"loc":{"start":{"line":130,"column":56},"end":{"line":134,"column":5}}},"18":{"name":"(anonymous_19)","decl":{"start":{"line":136,"column":56},"end":{"line":136,"column":59}},"loc":{"start":{"line":136,"column":61},"end":{"line":140,"column":5}}},"19":{"name":"(anonymous_20)","decl":{"start":{"line":143,"column":29},"end":{"line":143,"column":32}},"loc":{"start":{"line":143,"column":34},"end":{"line":149,"column":3}}},"20":{"name":"(anonymous_21)","decl":{"start":{"line":144,"column":47},"end":{"line":144,"column":50}},"loc":{"start":{"line":144,"column":52},"end":{"line":148,"column":5}}}},"branchMap":{"0":{"loc":{"start":{"line":43,"column":6},"end":{"line":48,"column":7}},"type":"if","locations":[{"start":{"line":43,"column":6},"end":{"line":48,"column":7}}]},"1":{"loc":{"start":{"line":49,"column":6},"end":{"line":54,"column":7}},"type":"if","locations":[{"start":{"line":49,"column":6},"end":{"line":54,"column":7}}]},"2":{"loc":{"start":{"line":59,"column":6},"end":{"line":64,"column":7}},"type":"if","locations":[{"start":{"line":59,"column":6},"end":{"line":64,"column":7}}]},"3":{"loc":{"start":{"line":69,"column":18},"end":{"line":69,"column":34}},"type":"binary-expr","locations":[{"start":{"line":69,"column":18},"end":{"line":69,"column":28}},{"start":{"line":69,"column":32},"end":{"line":69,"column":34}}]},"4":{"loc":{"start":{"line":70,"column":6},"end":{"line":75,"column":7}},"type":"if","locations":[{"start":{"line":70,"column":6},"end":{"line":75,"column":7}}]}},"s":{"0":0,"1":0,"2":0,"3":0,"4":0,"5":0,"6":0,"7":0,"8":0,"9":0,"10":0,"11":0,"12":0,"13":0,"14":0,"15":0,"16":0,"17":0,"18":0,"19":0,"20":0,"21":0,"22":0,"23":0,"24":0,"25":0,"26":0,"27":0,"28":0,"29":0,"30":0,"31":0,"32":0,"33":0,"34":0,"35":0,"36":0,"37":0,"38":0,"39":0,"40":0,"41":0,"42":0,"43":0,"44":0,"45":0,"46":0,"47":0,"48":0,"49":0,"50":0,"51":0,"52":0,"53":0,"54":0,"55":0,"56":0},"f":{"0":0,"1":0,"2":0,"3":0,"4":0,"5":0,"6":0,"7":0,"8":0,"9":0,"10":0,"11":0,"12":0,"13":0,"14":0,"15":0,"16":0,"17":0,"18":0,"19":0,"20":0},"b":{"0":[0],"1":[0],"2":[0],"3":[0,0],"4":[0]}}
,"/Users/sir/dev/nest-microservice-gateway/src/app.module.ts": {"path":"/Users/sir/dev/nest-microservice-gateway/src/app.module.ts","statementMap":{"0":{"start":{"line":1,"column":0},"end":{"line":1,"column":39}},"1":{"start":{"line":2,"column":0},"end":{"line":2,"column":42}},"2":{"start":{"line":3,"column":0},"end":{"line":3,"column":39}},"3":{"start":{"line":4,"column":0},"end":{"line":4,"column":49}},"4":{"start":{"line":5,"column":0},"end":{"line":5,"column":51}},"5":{"start":{"line":6,"column":0},"end":{"line":6,"column":58}},"6":{"start":{"line":7,"column":0},"end":{"line":7,"column":55}},"7":{"start":{"line":8,"column":0},"end":{"line":8,"column":49}},"8":{"start":{"line":9,"column":0},"end":{"line":9,"column":53}},"9":{"start":{"line":27,"column":7},"end":{"line":27,"column":null}},"10":{"start":{"line":27,"column":13},"end":{"line":27,"column":22}},"11":{"start":{"line":27,"column":13},"end":{"line":27,"column":null}}},"fnMap":{},"branchMap":{"0":{"loc":{"start":{"line":21,"column":14},"end":{"line":21,"column":78}},"type":"binary-expr","locations":[{"start":{"line":21,"column":14},"end":{"line":21,"column":36}},{"start":{"line":21,"column":40},"end":{"line":21,"column":78}}]}},"s":{"0":0,"1":0,"2":0,"3":0,"4":0,"5":0,"6":0,"7":0,"8":0,"9":0,"10":0,"11":0},"f":{},"b":{"0":[0,0]}}
,"/Users/sir/dev/nest-microservice-gateway/src/main.ts": {"path":"/Users/sir/dev/nest-microservice-gateway/src/main.ts","statementMap":{"0":{"start":{"line":1,"column":0},"end":{"line":1,"column":42}},"1":{"start":{"line":2,"column":0},"end":{"line":2,"column":47}},"2":{"start":{"line":3,"column":0},"end":{"line":3,"column":64}},"3":{"start":{"line":4,"column":0},"end":{"line":4,"column":40}},"4":{"start":{"line":7,"column":14},"end":{"line":7,"column":49}},"5":{"start":{"line":9,"column":2},"end":{"line":9,"column":null}},"6":{"start":{"line":10,"column":2},"end":{"line":10,"column":null}},"7":{"start":{"line":12,"column":17},"end":{"line":17,"column":12}},"8":{"start":{"line":18,"column":19},"end":{"line":18,"column":60}},"9":{"start":{"line":19,"column":2},"end":{"line":19,"column":null}},"10":{"start":{"line":21,"column":15},"end":{"line":21,"column":39}},"11":{"start":{"line":22,"column":2},"end":{"line":22,"column":null}},"12":{"start":{"line":23,"column":2},"end":{"line":23,"column":null}},"13":{"start":{"line":24,"column":2},"end":{"line":24,"column":null}},"14":{"start":{"line":27,"column":0},"end":{"line":27,"column":null}}},"fnMap":{"0":{"name":"bootstrap","decl":{"start":{"line":6,"column":15},"end":{"line":6,"column":24}},"loc":{"start":{"line":6,"column":24},"end":{"line":25,"column":1}}}},"branchMap":{"0":{"loc":{"start":{"line":21,"column":15},"end":{"line":21,"column":39}},"type":"binary-expr","locations":[{"start":{"line":21,"column":15},"end":{"line":21,"column":31}},{"start":{"line":21,"column":35},"end":{"line":21,"column":39}}]}},"s":{"0":0,"1":0,"2":0,"3":0,"4":0,"5":0,"6":0,"7":0,"8":0,"9":0,"10":0,"11":0,"12":0,"13":0,"14":0},"f":{"0":0},"b":{"0":[0,0]}}
,"/Users/sir/dev/nest-microservice-gateway/src/auth/auth.controller.ts": {"path":"/Users/sir/dev/nest-microservice-gateway/src/auth/auth.controller.ts","statementMap":{"0":{"start":{"line":1,"column":0},"end":{"line":1,"column":82}},"1":{"start":{"line":2,"column":0},"end":{"line":2,"column":43}},"2":{"start":{"line":3,"column":0},"end":{"line":3,"column":68}},"3":{"start":{"line":4,"column":0},"end":{"line":4,"column":37}},"4":{"start":{"line":8,"column":7},"end":{"line":48,"column":null}},"5":{"start":{"line":11,"column":31},"end":{"line":11,"column":44}},"6":{"start":{"line":12,"column":4},"end":{"line":12,"column":null}},"7":{"start":{"line":19,"column":4},"end":{"line":29,"column":5}},"8":{"start":{"line":20,"column":23},"end":{"line":21,"column":null}},"9":{"start":{"line":23,"column":6},"end":{"line":23,"column":null}},"10":{"start":{"line":25,"column":6},"end":{"line":28,"column":null}},"11":{"start":{"line":36,"column":4},"end":{"line":46,"column":5}},"12":{"start":{"line":37,"column":23},"end":{"line":38,"column":null}},"13":{"start":{"line":40,"column":6},"end":{"line":40,"column":null}},"14":{"start":{"line":42,"column":6},"end":{"line":45,"column":null}},"15":{"start":{"line":8,"column":13},"end":{"line":8,"column":27}},"16":{"start":{"line":18,"column":8},"end":{"line":30,"column":null}},"17":{"start":{"line":35,"column":8},"end":{"line":47,"column":null}},"18":{"start":{"line":8,"column":13},"end":{"line":48,"column":null}}},"fnMap":{"0":{"name":"(anonymous_4)","decl":{"start":{"line":11,"column":2},"end":{"line":11,"column":31}},"loc":{"start":{"line":11,"column":55},"end":{"line":13,"column":3}}},"1":{"name":"(anonymous_5)","decl":{"start":{"line":18,"column":2},"end":{"line":18,"column":7}},"loc":{"start":{"line":18,"column":66},"end":{"line":30,"column":3}}},"2":{"name":"(anonymous_6)","decl":{"start":{"line":35,"column":2},"end":{"line":35,"column":7}},"loc":{"start":{"line":35,"column":63},"end":{"line":47,"column":3}}}},"branchMap":{"0":{"loc":{"start":{"line":12,"column":26},"end":{"line":12,"column":85}},"type":"binary-expr","locations":[{"start":{"line":12,"column":26},"end":{"line":12,"column":54}},{"start":{"line":12,"column":58},"end":{"line":12,"column":85}}]},"1":{"loc":{"start":{"line":26,"column":8},"end":{"line":26,"column":52}},"type":"binary-expr","locations":[{"start":{"line":26,"column":8},"end":{"line":26,"column":28}},{"start":{"line":26,"column":32},"end":{"line":26,"column":52}}]},"2":{"loc":{"start":{"line":27,"column":8},"end":{"line":27,"column":66}},"type":"binary-expr","locations":[{"start":{"line":27,"column":8},"end":{"line":27,"column":30}},{"start":{"line":27,"column":34},"end":{"line":27,"column":66}}]},"3":{"loc":{"start":{"line":43,"column":8},"end":{"line":43,"column":52}},"type":"binary-expr","locations":[{"start":{"line":43,"column":8},"end":{"line":43,"column":28}},{"start":{"line":43,"column":32},"end":{"line":43,"column":52}}]},"4":{"loc":{"start":{"line":44,"column":8},"end":{"line":44,"column":66}},"type":"binary-expr","locations":[{"start":{"line":44,"column":8},"end":{"line":44,"column":30}},{"start":{"line":44,"column":34},"end":{"line":44,"column":66}}]}},"s":{"0":1,"1":1,"2":1,"3":1,"4":1,"5":9,"6":9,"7":4,"8":4,"9":2,"10":2,"11":4,"12":4,"13":1,"14":3,"15":1,"16":1,"17":1,"18":1},"f":{"0":9,"1":4,"2":4},"b":{"0":[9,8],"1":[2,1],"2":[2,1],"3":[3,2],"4":[3,2]}}
,"/Users/sir/dev/nest-microservice-gateway/src/auth/jwt.strategy.ts": {"path":"/Users/sir/dev/nest-microservice-gateway/src/auth/jwt.strategy.ts","statementMap":{"0":{"start":{"line":1,"column":0},"end":{"line":1,"column":51}},"1":{"start":{"line":2,"column":0},"end":{"line":2,"column":51}},"2":{"start":{"line":3,"column":0},"end":{"line":3,"column":43}},"3":{"start":{"line":6,"column":7},"end":{"line":18,"column":null}},"4":{"start":{"line":8,"column":4},"end":{"line":12,"column":null}},"5":{"start":{"line":16,"column":4},"end":{"line":16,"column":null}},"6":{"start":{"line":6,"column":13},"end":{"line":6,"column":24}},"7":{"start":{"line":6,"column":13},"end":{"line":18,"column":null}}},"fnMap":{"0":{"name":"(anonymous_2)","decl":{"start":{"line":7,"column":2},"end":{"line":7,"column":null}},"loc":{"start":{"line":7,"column":2},"end":{"line":13,"column":3}}},"1":{"name":"(anonymous_3)","decl":{"start":{"line":15,"column":2},"end":{"line":15,"column":7}},"loc":{"start":{"line":15,"column":29},"end":{"line":17,"column":3}}}},"branchMap":{"0":{"loc":{"start":{"line":11,"column":19},"end":{"line":11,"column":83}},"type":"binary-expr","locations":[{"start":{"line":11,"column":19},"end":{"line":11,"column":41}},{"start":{"line":11,"column":45},"end":{"line":11,"column":83}}]}},"s":{"0":1,"1":1,"2":1,"3":1,"4":3,"5":2,"6":1,"7":1},"f":{"0":3,"1":2},"b":{"0":[3,3]}}
,"/Users/sir/dev/nest-microservice-gateway/src/health/health.controller.ts": {"path":"/Users/sir/dev/nest-microservice-gateway/src/health/health.controller.ts","statementMap":{"0":{"start":{"line":1,"column":0},"end":{"line":1,"column":48}},"1":{"start":{"line":2,"column":0},"end":{"line":2,"column":68}},"2":{"start":{"line":6,"column":7},"end":{"line":27,"column":null}},"3":{"start":{"line":11,"column":4},"end":{"line":11,"column":null}},"4":{"start":{"line":18,"column":4},"end":{"line":18,"column":null}},"5":{"start":{"line":25,"column":4},"end":{"line":25,"column":null}},"6":{"start":{"line":6,"column":13},"end":{"line":6,"column":29}},"7":{"start":{"line":10,"column":2},"end":{"line":12,"column":null}},"8":{"start":{"line":17,"column":2},"end":{"line":19,"column":null}},"9":{"start":{"line":24,"column":2},"end":{"line":26,"column":null}},"10":{"start":{"line":6,"column":13},"end":{"line":27,"column":null}}},"fnMap":{"0":{"name":"(anonymous_2)","decl":{"start":{"line":10,"column":2},"end":{"line":10,"column":7}},"loc":{"start":{"line":10,"column":7},"end":{"line":12,"column":3}}},"1":{"name":"(anonymous_3)","decl":{"start":{"line":17,"column":2},"end":{"line":17,"column":6}},"loc":{"start":{"line":17,"column":6},"end":{"line":19,"column":3}}},"2":{"name":"(anonymous_4)","decl":{"start":{"line":24,"column":2},"end":{"line":24,"column":7}},"loc":{"start":{"line":24,"column":7},"end":{"line":26,"column":3}}}},"branchMap":{},"s":{"0":1,"1":1,"2":1,"3":1,"4":1,"5":1,"6":1,"7":1,"8":1,"9":1,"10":1},"f":{"0":1,"1":1,"2":1},"b":{}}
,"/Users/sir/dev/nest-microservice-gateway/src/health/health.module.ts": {"path":"/Users/sir/dev/nest-microservice-gateway/src/health/health.module.ts","statementMap":{"0":{"start":{"line":1,"column":0},"end":{"line":1,"column":39}},"1":{"start":{"line":2,"column":0},"end":{"line":2,"column":54}},"2":{"start":{"line":7,"column":7},"end":{"line":7,"column":null}},"3":{"start":{"line":7,"column":13},"end":{"line":7,"column":25}},"4":{"start":{"line":7,"column":13},"end":{"line":7,"column":null}}},"fnMap":{},"branchMap":{},"s":{"0":0,"1":0,"2":0,"3":0,"4":0},"f":{},"b":{}}
,"/Users/sir/dev/nest-microservice-gateway/src/proxy/proxy.controller.ts": {"path":"/Users/sir/dev/nest-microservice-gateway/src/proxy/proxy.controller.ts","statementMap":{"0":{"start":{"line":1,"column":0},"end":{"line":1,"column":null}},"1":{"start":{"line":11,"column":0},"end":{"line":11,"column":44}},"2":{"start":{"line":12,"column":0},"end":{"line":12,"column":43}},"3":{"start":{"line":14,"column":0},"end":{"line":14,"column":37}},"4":{"start":{"line":15,"column":0},"end":{"line":15,"column":56}},"5":{"start":{"line":19,"column":28},"end":{"line":100,"column":null}},"6":{"start":{"line":23,"column":31},"end":{"line":23,"column":44}},"7":{"start":{"line":20,"column":19},"end":{"line":20,"column":null}},"8":{"start":{"line":24,"column":4},"end":{"line":28,"column":null}},"9":{"start":{"line":34,"column":4},"end":{"line":34,"column":null}},"10":{"start":{"line":42,"column":4},"end":{"line":42,"column":null}},"11":{"start":{"line":49,"column":17},"end":{"line":49,"column":50}},"12":{"start":{"line":50,"column":4},"end":{"line":50,"column":null}},"13":{"start":{"line":57,"column":17},"end":{"line":57,"column":49}},"14":{"start":{"line":58,"column":4},"end":{"line":58,"column":null}},"15":{"start":{"line":67,"column":22},"end":{"line":67,"column":47}},"16":{"start":{"line":68,"column":4},"end":{"line":70,"column":5}},"17":{"start":{"line":69,"column":6},"end":{"line":69,"column":null}},"18":{"start":{"line":72,"column":17},"end":{"line":72,"column":39}},"19":{"start":{"line":73,"column":16},"end":{"line":73,"column":37}},"20":{"start":{"line":75,"column":4},"end":{"line":75,"column":null}},"21":{"start":{"line":77,"column":4},"end":{"line":98,"column":5}},"22":{"start":{"line":78,"column":23},"end":{"line":88,"column":null}},"23":{"start":{"line":91,"column":6},"end":{"line":91,"column":null}},"24":{"start":{"line":93,"column":6},"end":{"line":93,"column":null}},"25":{"start":{"line":94,"column":6},"end":{"line":97,"column":null}},"26":{"start":{"line":19,"column":13},"end":{"line":19,"column":28}},"27":{"start":{"line":33,"column":8},"end":{"line":35,"column":null}},"28":{"start":{"line":41,"column":8},"end":{"line":43,"column":null}},"29":{"start":{"line":48,"column":8},"end":{"line":51,"column":null}},"30":{"start":{"line":56,"column":8},"end":{"line":59,"column":null}},"31":{"start":{"line":19,"column":13},"end":{"line":100,"column":null}}},"fnMap":{"0":{"name":"(anonymous_4)","decl":{"start":{"line":23,"column":2},"end":{"line":23,"column":31}},"loc":{"start":{"line":23,"column":55},"end":{"line":29,"column":3}}},"1":{"name":"(anonymous_5)","decl":{"start":{"line":33,"column":2},"end":{"line":33,"column":7}},"loc":{"start":{"line":33,"column":63},"end":{"line":35,"column":3}}},"2":{"name":"(anonymous_6)","decl":{"start":{"line":41,"column":2},"end":{"line":41,"column":7}},"loc":{"start":{"line":41,"column":64},"end":{"line":43,"column":3}}},"3":{"name":"(anonymous_7)","decl":{"start":{"line":48,"column":2},"end":{"line":48,"column":7}},"loc":{"start":{"line":48,"column":63},"end":{"line":51,"column":3}}},"4":{"name":"(anonymous_8)","decl":{"start":{"line":56,"column":2},"end":{"line":56,"column":7}},"loc":{"start":{"line":56,"column":62},"end":{"line":59,"column":3}}},"5":{"name":"(anonymous_9)","decl":{"start":{"line":61,"column":10},"end":{"line":61,"column":15}},"loc":{"start":{"line":65,"column":23},"end":{"line":99,"column":3}}}},"branchMap":{"0":{"loc":{"start":{"line":25,"column":13},"end":{"line":25,"column":73}},"type":"binary-expr","locations":[{"start":{"line":25,"column":13},"end":{"line":25,"column":42}},{"start":{"line":25,"column":46},"end":{"line":25,"column":73}}]},"1":{"loc":{"start":{"line":26,"column":16},"end":{"line":26,"column":79}},"type":"binary-expr","locations":[{"start":{"line":26,"column":16},"end":{"line":26,"column":48}},{"start":{"line":26,"column":52},"end":{"line":26,"column":79}}]},"2":{"loc":{"start":{"line":27,"column":15},"end":{"line":27,"column":77}},"type":"binary-expr","locations":[{"start":{"line":27,"column":15},"end":{"line":27,"column":46}},{"start":{"line":27,"column":50},"end":{"line":27,"column":77}}]},"3":{"loc":{"start":{"line":68,"column":4},"end":{"line":70,"column":5}},"type":"if","locations":[{"start":{"line":68,"column":4},"end":{"line":70,"column":5}}]},"4":{"loc":{"start":{"line":72,"column":17},"end":{"line":72,"column":39}},"type":"binary-expr","locations":[{"start":{"line":72,"column":17},"end":{"line":72,"column":27}},{"start":{"line":72,"column":31},"end":{"line":72,"column":39}}]},"5":{"loc":{"start":{"line":95,"column":8},"end":{"line":95,"column":53}},"type":"binary-expr","locations":[{"start":{"line":95,"column":8},"end":{"line":95,"column":28}},{"start":{"line":95,"column":32},"end":{"line":95,"column":53}}]},"6":{"loc":{"start":{"line":96,"column":8},"end":{"line":96,"column":56}},"type":"binary-expr","locations":[{"start":{"line":96,"column":8},"end":{"line":96,"column":30}},{"start":{"line":96,"column":34},"end":{"line":96,"column":56}}]}},"s":{"0":1,"1":1,"2":1,"3":1,"4":1,"5":1,"6":13,"7":13,"8":13,"9":7,"10":1,"11":2,"12":2,"13":1,"14":1,"15":11,"16":11,"17":1,"18":10,"19":10,"20":10,"21":10,"22":10,"23":8,"24":2,"25":2,"26":1,"27":1,"28":1,"29":1,"30":1,"31":1},"f":{"0":13,"1":7,"2":1,"3":2,"4":1,"5":11},"b":{"0":[13,10],"1":[13,10],"2":[13,10],"3":[1],"4":[10,8],"5":[2,1],"6":[2,1]}}
}
