TN:
SF:src/app.e2e-spec.ts
FN:8,(anonymous_1)
FN:18,(anonymous_2)
FN:35,(anonymous_3)
FN:39,(anonymous_4)
FN:42,(anonymous_5)
FN:58,(anonymous_6)
FN:68,(anonymous_7)
FN:80,(anonymous_8)
FN:81,(anonymous_9)
FN:85,(anonymous_10)
FN:90,(anonymous_11)
FN:96,(anonymous_12)
FN:103,(anonymous_13)
FN:104,(anonymous_14)
FN:115,(anonymous_15)
FN:123,(anonymous_16)
FN:129,(anonymous_17)
FN:130,(anonymous_18)
FN:136,(anonymous_19)
FN:143,(anonymous_20)
FN:144,(anonymous_21)
FNF:21
FNH:0
FNDA:0,(anonymous_1)
FNDA:0,(anonymous_2)
FNDA:0,(anonymous_3)
FNDA:0,(anonymous_4)
FNDA:0,(anonymous_5)
FNDA:0,(anonymous_6)
FNDA:0,(anonymous_7)
FNDA:0,(anonymous_8)
FNDA:0,(anonymous_9)
FNDA:0,(anonymous_10)
FNDA:0,(anonymous_11)
FNDA:0,(anonymous_12)
FNDA:0,(anonymous_13)
FNDA:0,(anonymous_14)
FNDA:0,(anonymous_15)
FNDA:0,(anonymous_16)
FNDA:0,(anonymous_17)
FNDA:0,(anonymous_18)
FNDA:0,(anonymous_19)
FNDA:0,(anonymous_20)
FNDA:0,(anonymous_21)
DA:1,0
DA:2,0
DA:3,0
DA:4,0
DA:5,0
DA:6,0
DA:8,0
DA:12,0
DA:18,0
DA:19,0
DA:26,0
DA:27,0
DA:28,0
DA:30,0
DA:32,0
DA:35,0
DA:36,0
DA:39,0
DA:40,0
DA:42,0
DA:43,0
DA:44,0
DA:49,0
DA:50,0
DA:55,0
DA:58,0
DA:59,0
DA:60,0
DA:65,0
DA:68,0
DA:69,0
DA:70,0
DA:71,0
DA:76,0
DA:80,0
DA:81,0
DA:82,0
DA:86,0
DA:90,0
DA:91,0
DA:96,0
DA:97,0
DA:103,0
DA:104,0
DA:105,0
DA:106,0
DA:115,0
DA:116,0
DA:124,0
DA:129,0
DA:130,0
DA:131,0
DA:136,0
DA:137,0
DA:143,0
DA:144,0
DA:145,0
LF:57
LH:0
BRDA:43,0,0,0
BRDA:49,1,0,0
BRDA:59,2,0,0
BRDA:69,3,0,0
BRDA:69,3,1,0
BRDA:70,4,0,0
BRF:6
BRH:0
end_of_record
TN:
SF:src/app.module.ts
FNF:0
FNH:0
DA:1,0
DA:2,0
DA:3,0
DA:4,0
DA:5,0
DA:6,0
DA:7,0
DA:8,0
DA:9,0
DA:27,0
LF:10
LH:0
BRDA:21,0,0,0
BRDA:21,0,1,0
BRF:2
BRH:0
end_of_record
TN:
SF:src/main.ts
FN:6,bootstrap
FNF:1
FNH:0
FNDA:0,bootstrap
DA:1,0
DA:2,0
DA:3,0
DA:4,0
DA:7,0
DA:9,0
DA:10,0
DA:12,0
DA:18,0
DA:19,0
DA:21,0
DA:22,0
DA:23,0
DA:24,0
DA:27,0
LF:15
LH:0
BRDA:21,0,0,0
BRDA:21,0,1,0
BRF:2
BRH:0
end_of_record
TN:
SF:src/auth/auth.controller.ts
FN:11,(anonymous_4)
FN:18,(anonymous_5)
FN:35,(anonymous_6)
FNF:3
FNH:3
FNDA:9,(anonymous_4)
FNDA:4,(anonymous_5)
FNDA:4,(anonymous_6)
DA:1,1
DA:2,1
DA:3,1
DA:4,1
DA:8,1
DA:11,9
DA:12,9
DA:18,1
DA:19,4
DA:20,4
DA:23,2
DA:25,2
DA:35,1
DA:36,4
DA:37,4
DA:40,1
DA:42,3
LF:17
LH:17
BRDA:12,0,0,9
BRDA:12,0,1,8
BRDA:26,1,0,2
BRDA:26,1,1,1
BRDA:27,2,0,2
BRDA:27,2,1,1
BRDA:43,3,0,3
BRDA:43,3,1,2
BRDA:44,4,0,3
BRDA:44,4,1,2
BRF:10
BRH:10
end_of_record
TN:
SF:src/auth/jwt.strategy.ts
FN:7,(anonymous_2)
FN:15,(anonymous_3)
FNF:2
FNH:2
FNDA:3,(anonymous_2)
FNDA:2,(anonymous_3)
DA:1,1
DA:2,1
DA:3,1
DA:6,1
DA:8,3
DA:16,2
LF:6
LH:6
BRDA:11,0,0,3
BRDA:11,0,1,3
BRF:2
BRH:2
end_of_record
TN:
SF:src/health/health.controller.ts
FN:10,(anonymous_2)
FN:17,(anonymous_3)
FN:24,(anonymous_4)
FNF:3
FNH:3
FNDA:1,(anonymous_2)
FNDA:1,(anonymous_3)
FNDA:1,(anonymous_4)
DA:1,1
DA:2,1
DA:6,1
DA:10,1
DA:11,1
DA:17,1
DA:18,1
DA:24,1
DA:25,1
LF:9
LH:9
BRF:0
BRH:0
end_of_record
TN:
SF:src/health/health.module.ts
FNF:0
FNH:0
DA:1,0
DA:2,0
DA:7,0
LF:3
LH:0
BRF:0
BRH:0
end_of_record
TN:
SF:src/proxy/proxy.controller.ts
FN:23,(anonymous_4)
FN:33,(anonymous_5)
FN:41,(anonymous_6)
FN:48,(anonymous_7)
FN:56,(anonymous_8)
FN:61,(anonymous_9)
FNF:6
FNH:6
FNDA:13,(anonymous_4)
FNDA:7,(anonymous_5)
FNDA:1,(anonymous_6)
FNDA:2,(anonymous_7)
FNDA:1,(anonymous_8)
FNDA:11,(anonymous_9)
DA:1,1
DA:11,1
DA:12,1
DA:14,1
DA:15,1
DA:19,1
DA:20,13
DA:23,13
DA:24,13
DA:33,1
DA:34,7
DA:41,1
DA:42,1
DA:48,1
DA:49,2
DA:50,2
DA:56,1
DA:57,1
DA:58,1
DA:67,11
DA:68,11
DA:69,1
DA:72,10
DA:73,10
DA:75,10
DA:77,10
DA:78,10
DA:91,8
DA:93,2
DA:94,2
LF:30
LH:30
BRDA:25,0,0,13
BRDA:25,0,1,10
BRDA:26,1,0,13
BRDA:26,1,1,10
BRDA:27,2,0,13
BRDA:27,2,1,10
BRDA:68,3,0,1
BRDA:72,4,0,10
BRDA:72,4,1,8
BRDA:95,5,0,2
BRDA:95,5,1,1
BRDA:96,6,0,2
BRDA:96,6,1,1
BRF:13
BRH:13
end_of_record
